Using pre-set license
Built from '2020.2/staging' branch; Version is '2020.2.5f1 (e2c53f129de5) revision 14861631'; Using compiler version '192528614'; Build Type 'Release'
OS: 'Windows 10 Pro; OS build 19045.3208; Version 2009; 64bit' Language: 'zh' Physical Memory: 16235 MB
BatchMode: 1, IsHumanControllingUs: 0, StartBugReporterOnCrash: 0, Is64bit: 1, IsPro: 0

 COMMAND LINE ARGUMENTS:
D:\Unity\2020.2.5f1c1\Editor\Unity.exe
-adb2
-batchMode
-noUpm
-name
AssetImportWorker0
-projectPath
D:/Unity_project/Tower-Defense-Tutorial/Tower Defense Unity Project
-logFile
Logs/AssetImportWorker0.log
-srvPort
62051
Successfully changed project path to: D:/Unity_project/Tower-Defense-Tutorial/Tower Defense Unity Project
D:/Unity_project/Tower-Defense-Tutorial/Tower Defense Unity Project
Using Asset Import Pipeline V2.
Cannot set VR devices because the platform passed isn't supported by Unity.

Cannot set VR devices because the platform passed isn't supported by Unity.

Cannot set VR devices because the platform passed isn't supported by Unity.

Cannot set VR devices because the platform passed isn't supported by Unity.

Cannot set VR devices because the platform passed isn't supported by Unity.

Cannot set VR devices because the platform passed isn't supported by Unity.

Cannot set VR devices because the platform passed isn't supported by Unity.

Cannot set VR devices because the platform passed isn't supported by Unity.

Cannot set VR devices because the platform passed isn't supported by Unity.

Cannot set VR devices because the platform passed isn't supported by Unity.

Cannot set VR devices because the platform passed isn't supported by Unity.

Refreshing native plugins compatible for Editor in 30.23 ms, found 0 plugins.
Preloading 0 native plugins for Editor in 0.00 ms.
Initialize engine version: 2020.2.5f1 (e2c53f129de5)
[Subsystems] Discovering subsystems at path D:/Unity/2020.2.5f1c1/Editor/Data/Resources/UnitySubsystems
[Subsystems] Discovering subsystems at path D:/Unity_project/Tower-Defense-Tutorial/Tower Defense Unity Project/Assets
GfxDevice: creating device client; threaded=0
Direct3D:
    Version:  Direct3D 11.0 [level 11.1]
    Renderer: NVIDIA GeForce RTX 3050 Ti Laptop GPU (ID=0x25e0)
    Vendor:   
    VRAM:     3990 MB
    Driver:   30.0.15.1236
Initialize mono
Mono path[0] = 'D:/Unity/2020.2.5f1c1/Editor/Data/Managed'
Mono path[1] = 'D:/Unity/2020.2.5f1c1/Editor/Data/MonoBleedingEdge/lib/mono/unityjit'
Mono config path = 'D:/Unity/2020.2.5f1c1/Editor/Data/MonoBleedingEdge/etc'
Using monoOptions --debugger-agent=transport=dt_socket,embedding=1,server=y,suspend=n,address=127.0.0.1:56556
Begin MonoManager ReloadAssembly
Registering precompiled unity dll's ...
Register platform support module: D:/Unity/2020.2.5f1c1/Editor/Data/PlaybackEngines/WindowsStandaloneSupport/UnityEditor.WindowsStandalone.Extensions.dll
Registered in 0.001305 seconds.
Native extension for WindowsStandalone target not found
Refreshing native plugins compatible for Editor in 18.02 ms, found 0 plugins.
Preloading 0 native plugins for Editor in 0.00 ms.
Invoked RoslynAnalysisRunner static constructor.
RoslynAnalysisRunner will not be running.
RoslynAnalysisRunner has terminated.
Mono: successfully reloaded assembly
- Completed reload, in  1.144 seconds
Platform modules already initialized, skipping
Registering precompiled user dll's ...
Registered in 0.000515 seconds.
Begin MonoManager ReloadAssembly
Native extension for WindowsStandalone target not found
Refreshing native plugins compatible for Editor in 0.20 ms, found 0 plugins.
Preloading 0 native plugins for Editor in 0.00 ms.
Invoked RoslynAnalysisRunner static constructor.
RoslynAnalysisRunner will not be running.
RoslynAnalysisRunner has terminated.
Mono: successfully reloaded assembly
- Completed reload, in  0.756 seconds
Platform modules already initialized, skipping
========================================================================
Worker process is ready to serve import requests
Cannot set VR devices because the platform passed isn't supported by Unity.

Cannot set VR devices because the platform passed isn't supported by Unity.

Cannot set VR devices because the platform passed isn't supported by Unity.

Cannot set VR devices because the platform passed isn't supported by Unity.

Cannot set VR devices because the platform passed isn't supported by Unity.

Cannot set VR devices because the platform passed isn't supported by Unity.

Cannot set VR devices because the platform passed isn't supported by Unity.

Cannot set VR devices because the platform passed isn't supported by Unity.

Cannot set VR devices because the platform passed isn't supported by Unity.

Cannot set VR devices because the platform passed isn't supported by Unity.

Cannot set VR devices because the platform passed isn't supported by Unity.

Launched and connected shader compiler UnityShaderCompiler.exe after 0.04 seconds
Refreshing native plugins compatible for Editor in 0.19 ms, found 0 plugins.
Preloading 0 native plugins for Editor in 0.00 ms.
Unloading 1127 Unused Serialized files (Serialized files now loaded: 0)
System memory in use before: 57.6 MB.
System memory in use after: 57.7 MB.

Unloading 9 unused Assets to reduce memory usage. Loaded Objects now: 1572.
Total: 1.497400 ms (FindLiveObjects: 0.115000 ms CreateObjectMapping: 0.020600 ms MarkObjects: 1.295600 ms  DeleteObjects: 0.065200 ms)

========================================================================
Received Import Request.
  path: Assets/Sprites/WhiteSquare.jpg
  artifactKey: Guid(d040e77486189ee4bace774145120c5e) Importer(815301076,1909f56bfc062723c751e8b465ee728b)
Start importing Assets/Sprites/WhiteSquare.jpg using Guid(d040e77486189ee4bace774145120c5e) Importer(815301076,1909f56bfc062723c751e8b465ee728b)  -> (artifact id: '584d36776f5cb139695a7ecace0d107a') in 0.097600 seconds
  Import took 0.100417 seconds .

========================================================================
Received Import Request.
  Time since last request: 0.000273 seconds.
  path: Assets/Scripts/BuildManager.cs
  artifactKey: Guid(16d264522323c7d4fa2bd32ad61cc81d) Importer(815301076,1909f56bfc062723c751e8b465ee728b)
Start importing Assets/Scripts/BuildManager.cs using Guid(16d264522323c7d4fa2bd32ad61cc81d) Importer(815301076,1909f56bfc062723c751e8b465ee728b)  -> (artifact id: 'fd691ce711f55f8486d6e470beb7a0d7') in 0.007142 seconds
  Import took 0.009364 seconds .

========================================================================
Received Prepare
Cannot set VR devices because the platform passed isn't supported by Unity.

Cannot set VR devices because the platform passed isn't supported by Unity.

Cannot set VR devices because the platform passed isn't supported by Unity.

Cannot set VR devices because the platform passed isn't supported by Unity.

Cannot set VR devices because the platform passed isn't supported by Unity.

Cannot set VR devices because the platform passed isn't supported by Unity.

Cannot set VR devices because the platform passed isn't supported by Unity.

Cannot set VR devices because the platform passed isn't supported by Unity.

Cannot set VR devices because the platform passed isn't supported by Unity.

Cannot set VR devices because the platform passed isn't supported by Unity.

Cannot set VR devices because the platform passed isn't supported by Unity.

Registering precompiled user dll's ...
Registered in 0.000466 seconds.
Begin MonoManager ReloadAssembly
Native extension for WindowsStandalone target not found
Refreshing native plugins compatible for Editor in 0.20 ms, found 0 plugins.
Preloading 0 native plugins for Editor in 0.00 ms.
Invoked RoslynAnalysisRunner static constructor.
RoslynAnalysisRunner will not be running.
RoslynAnalysisRunner has terminated.
Mono: successfully reloaded assembly
- Completed reload, in  0.619 seconds
Platform modules already initialized, skipping
Refreshing native plugins compatible for Editor in 0.23 ms, found 0 plugins.
Preloading 0 native plugins for Editor in 0.00 ms.
Unloading 1121 Unused Serialized files (Serialized files now loaded: 0)
System memory in use before: 60.4 MB.
System memory in use after: 60.5 MB.

Unloading 4 unused Assets to reduce memory usage. Loaded Objects now: 1580.
Total: 1.654000 ms (FindLiveObjects: 0.099000 ms CreateObjectMapping: 0.020300 ms MarkObjects: 1.518200 ms  DeleteObjects: 0.015300 ms)

========================================================================
Received Import Request.
  Time since last request: 385.676824 seconds.
  path: Assets/Scripts/LevelSelector.cs
  artifactKey: Guid(2eeb3cc128b0cda44b99981b8d99cfb8) Importer(815301076,1909f56bfc062723c751e8b465ee728b)
Start importing Assets/Scripts/LevelSelector.cs using Guid(2eeb3cc128b0cda44b99981b8d99cfb8) Importer(815301076,1909f56bfc062723c751e8b465ee728b)  -> (artifact id: '857346d0e01c1bfb0ed859ab3191954c') in 0.005992 seconds
  Import took 0.020770 seconds .

========================================================================
Received Import Request.
  Time since last request: 1.360603 seconds.
  path: Assets/Scripts/Node.cs
  artifactKey: Guid(217be8ffc06a7cc47ae5ab39c759b026) Importer(815301076,1909f56bfc062723c751e8b465ee728b)
Start importing Assets/Scripts/Node.cs using Guid(217be8ffc06a7cc47ae5ab39c759b026) Importer(815301076,1909f56bfc062723c751e8b465ee728b)  -> (artifact id: 'cbfc8aa54a9846ebf39b5b212c3f7092') in 0.002212 seconds
  Import took 0.015763 seconds .

========================================================================
Received Import Request.
  Time since last request: 0.002115 seconds.
  path: Assets/Scripts/Node.cs
  artifactKey: Guid(217be8ffc06a7cc47ae5ab39c759b026) Importer(815301076,1909f56bfc062723c751e8b465ee728b)
Start importing Assets/Scripts/Node.cs using Guid(217be8ffc06a7cc47ae5ab39c759b026) Importer(815301076,1909f56bfc062723c751e8b465ee728b)  -> (artifact id: 'cbfc8aa54a9846ebf39b5b212c3f7092') in 0.001855 seconds
  Import took 0.003936 seconds .

========================================================================
Received Import Request.
  Time since last request: 306.043200 seconds.
  path: Assets/Prefabs/BulletImpactEffect.prefab
  artifactKey: Guid(a61f8203d35634e42bf81bdc626c3c36) Importer(815301076,1909f56bfc062723c751e8b465ee728b)
Start importing Assets/Prefabs/BulletImpactEffect.prefab using Guid(a61f8203d35634e42bf81bdc626c3c36) Importer(815301076,1909f56bfc062723c751e8b465ee728b)  -> (artifact id: 'f86a648c254f5d8799c64ff261b4a36d') in 0.030133 seconds
  Import took 0.033329 seconds .

========================================================================
Received Prepare
Cannot set VR devices because the platform passed isn't supported by Unity.

Cannot set VR devices because the platform passed isn't supported by Unity.

Cannot set VR devices because the platform passed isn't supported by Unity.

Cannot set VR devices because the platform passed isn't supported by Unity.

Cannot set VR devices because the platform passed isn't supported by Unity.

Cannot set VR devices because the platform passed isn't supported by Unity.

Cannot set VR devices because the platform passed isn't supported by Unity.

Cannot set VR devices because the platform passed isn't supported by Unity.

Cannot set VR devices because the platform passed isn't supported by Unity.

Cannot set VR devices because the platform passed isn't supported by Unity.

Cannot set VR devices because the platform passed isn't supported by Unity.

Registering precompiled user dll's ...
Registered in 0.001536 seconds.
Begin MonoManager ReloadAssembly
Native extension for WindowsStandalone target not found
Refreshing native plugins compatible for Editor in 0.31 ms, found 0 plugins.
Preloading 0 native plugins for Editor in 0.00 ms.
Invoked RoslynAnalysisRunner static constructor.
RoslynAnalysisRunner will not be running.
RoslynAnalysisRunner has terminated.
Mono: successfully reloaded assembly
- Completed reload, in  0.818 seconds
Platform modules already initialized, skipping
Refreshing native plugins compatible for Editor in 0.26 ms, found 0 plugins.
Preloading 0 native plugins for Editor in 0.00 ms.
Unloading 1121 Unused Serialized files (Serialized files now loaded: 0)
System memory in use before: 60.5 MB.
System memory in use after: 60.6 MB.

Unloading 4 unused Assets to reduce memory usage. Loaded Objects now: 1583.
Total: 1.277100 ms (FindLiveObjects: 0.107100 ms CreateObjectMapping: 0.023800 ms MarkObjects: 1.109500 ms  DeleteObjects: 0.035000 ms)

========================================================================
Received Import Request.
  Time since last request: 10877.852221 seconds.
  path: Assets/Scripts/Enemy.cs
  artifactKey: Guid(e69892bf317855c4b83fc07ba19c4d36) Importer(815301076,1909f56bfc062723c751e8b465ee728b)
Start importing Assets/Scripts/Enemy.cs using Guid(e69892bf317855c4b83fc07ba19c4d36) Importer(815301076,1909f56bfc062723c751e8b465ee728b)  -> (artifact id: '7e75953394bc5d6850107bee49fe4710') in 0.003711 seconds
  Import took 0.006360 seconds .

========================================================================
Received Import Request.
  Time since last request: 0.026104 seconds.
  path: Assets/Scripts/Enemy.cs
  artifactKey: Guid(e69892bf317855c4b83fc07ba19c4d36) Importer(815301076,1909f56bfc062723c751e8b465ee728b)
Start importing Assets/Scripts/Enemy.cs using Guid(e69892bf317855c4b83fc07ba19c4d36) Importer(815301076,1909f56bfc062723c751e8b465ee728b)  -> (artifact id: '7e75953394bc5d6850107bee49fe4710') in 0.001769 seconds
  Import took 0.003444 seconds .

========================================================================
Received Import Request.
  Time since last request: 0.477088 seconds.
  path: Assets/Scripts/SceneFader.cs
  artifactKey: Guid(70ed8cdf186d687418b7eb1f51756d53) Importer(815301076,1909f56bfc062723c751e8b465ee728b)
Start importing Assets/Scripts/SceneFader.cs using Guid(70ed8cdf186d687418b7eb1f51756d53) Importer(815301076,1909f56bfc062723c751e8b465ee728b)  -> (artifact id: 'bb49564305be02dc4cd3d162874a5a9d') in 0.001979 seconds
  Import took 0.004145 seconds .

========================================================================
Received Import Request.
  Time since last request: 0.001696 seconds.
  path: Assets/Scripts/SceneFader.cs
  artifactKey: Guid(70ed8cdf186d687418b7eb1f51756d53) Importer(815301076,1909f56bfc062723c751e8b465ee728b)
Start importing Assets/Scripts/SceneFader.cs using Guid(70ed8cdf186d687418b7eb1f51756d53) Importer(815301076,1909f56bfc062723c751e8b465ee728b)  -> (artifact id: 'bb49564305be02dc4cd3d162874a5a9d') in 0.002417 seconds
  Import took 0.004780 seconds .

========================================================================
Received Import Request.
  Time since last request: 0.272758 seconds.
  path: Assets/Scripts/Shop.cs
  artifactKey: Guid(ec756b43a7b10f04a95d2ba7095065e8) Importer(815301076,1909f56bfc062723c751e8b465ee728b)
Start importing Assets/Scripts/Shop.cs using Guid(ec756b43a7b10f04a95d2ba7095065e8) Importer(815301076,1909f56bfc062723c751e8b465ee728b)  -> (artifact id: '644fd8de167815327c736eb5c17e1fe2') in 0.002358 seconds
  Import took 0.016291 seconds .

========================================================================
Received Import Request.
  Time since last request: 2249.770178 seconds.
  path: Assets/Prefabs/LaserBeamer.prefab
  artifactKey: Guid(c51804966ab0f8544b70b0e9dcae1623) Importer(815301076,1909f56bfc062723c751e8b465ee728b)
Start importing Assets/Prefabs/LaserBeamer.prefab using Guid(c51804966ab0f8544b70b0e9dcae1623) Importer(815301076,1909f56bfc062723c751e8b465ee728b)  -> (artifact id: '25ed6e49426ab5af182aa0a46d6ff312') in 0.181773 seconds
  Import took 0.211360 seconds .

========================================================================
Received Import Request.
  Time since last request: 61.652944 seconds.
  path: Assets/Level01.unity
  artifactKey: Guid(315ed2e4cf2517049a5f55c4d3820aa4) Importer(815301076,1909f56bfc062723c751e8b465ee728b)
Start importing Assets/Level01.unity using Guid(315ed2e4cf2517049a5f55c4d3820aa4) Importer(815301076,1909f56bfc062723c751e8b465ee728b)  -> (artifact id: '6d564c11c0517c9efca0cc455ec571d6') in 0.002446 seconds
  Import took 0.016114 seconds .

========================================================================
Received Import Request.
  Time since last request: 566.760796 seconds.
  path: Assets/Materials/Bullet.mat
  artifactKey: Guid(1f20c8f00565b6b479550f214381fa9c) Importer(815301076,1909f56bfc062723c751e8b465ee728b)
Start importing Assets/Materials/Bullet.mat using Guid(1f20c8f00565b6b479550f214381fa9c) Importer(815301076,1909f56bfc062723c751e8b465ee728b)  -> (artifact id: '68589212398c3e6be502a84b43964cec') in 0.054023 seconds
  Import took 0.056828 seconds .

========================================================================
Received Import Request.
  Time since last request: 0.000230 seconds.
  path: Assets/Materials/Start.mat
  artifactKey: Guid(8c61d29fa535937458ce11024cf32b76) Importer(815301076,1909f56bfc062723c751e8b465ee728b)
Start importing Assets/Materials/Start.mat using Guid(8c61d29fa535937458ce11024cf32b76) Importer(815301076,1909f56bfc062723c751e8b465ee728b)  -> (artifact id: '1bc86400321f904a51d48c01fae11f5d') in 0.009095 seconds
  Import took 0.011049 seconds .

========================================================================
Received Import Request.
  Time since last request: 0.000256 seconds.
  path: Assets/Materials/End.mat
  artifactKey: Guid(3b25ea1bfa02b2a4ab0666026cf22243) Importer(815301076,1909f56bfc062723c751e8b465ee728b)
Start importing Assets/Materials/End.mat using Guid(3b25ea1bfa02b2a4ab0666026cf22243) Importer(815301076,1909f56bfc062723c751e8b465ee728b)  -> (artifact id: 'b4d13ca31f139dc2f9d532a82a70e31c') in 0.009935 seconds
  Import took 0.011940 seconds .

========================================================================
Received Import Request.
  Time since last request: 0.000222 seconds.
  path: Assets/Materials/Ground.mat
  artifactKey: Guid(abc76fd7b61849944958a1b3a8c30f13) Importer(815301076,1909f56bfc062723c751e8b465ee728b)
Start importing Assets/Materials/Ground.mat using Guid(abc76fd7b61849944958a1b3a8c30f13) Importer(815301076,1909f56bfc062723c751e8b465ee728b)  -> (artifact id: '44b1a87c146f4459241ac9728331a45d') in 0.013601 seconds
  Import took 0.015961 seconds .

========================================================================
Received Prepare
Cannot set VR devices because the platform passed isn't supported by Unity.

Cannot set VR devices because the platform passed isn't supported by Unity.

Cannot set VR devices because the platform passed isn't supported by Unity.

Cannot set VR devices because the platform passed isn't supported by Unity.

Cannot set VR devices because the platform passed isn't supported by Unity.

Cannot set VR devices because the platform passed isn't supported by Unity.

Cannot set VR devices because the platform passed isn't supported by Unity.

Cannot set VR devices because the platform passed isn't supported by Unity.

Cannot set VR devices because the platform passed isn't supported by Unity.

Cannot set VR devices because the platform passed isn't supported by Unity.

Cannot set VR devices because the platform passed isn't supported by Unity.

Registering precompiled user dll's ...
Registered in 0.000585 seconds.
Begin MonoManager ReloadAssembly
Native extension for WindowsStandalone target not found
Refreshing native plugins compatible for Editor in 0.20 ms, found 0 plugins.
Preloading 0 native plugins for Editor in 0.00 ms.
Invoked RoslynAnalysisRunner static constructor.
RoslynAnalysisRunner will not be running.
RoslynAnalysisRunner has terminated.
Mono: successfully reloaded assembly
- Completed reload, in  0.729 seconds
Platform modules already initialized, skipping
Refreshing native plugins compatible for Editor in 0.31 ms, found 0 plugins.
Preloading 0 native plugins for Editor in 0.00 ms.
Unloading 1121 Unused Serialized files (Serialized files now loaded: 0)
System memory in use before: 60.8 MB.
System memory in use after: 60.9 MB.

Unloading 4 unused Assets to reduce memory usage. Loaded Objects now: 1623.
Total: 2.084500 ms (FindLiveObjects: 0.199800 ms CreateObjectMapping: 0.072100 ms MarkObjects: 1.787700 ms  DeleteObjects: 0.022700 ms)

========================================================================
Received Prepare
Cannot set VR devices because the platform passed isn't supported by Unity.

Cannot set VR devices because the platform passed isn't supported by Unity.

Cannot set VR devices because the platform passed isn't supported by Unity.

Cannot set VR devices because the platform passed isn't supported by Unity.

Cannot set VR devices because the platform passed isn't supported by Unity.

Cannot set VR devices because the platform passed isn't supported by Unity.

Cannot set VR devices because the platform passed isn't supported by Unity.

Cannot set VR devices because the platform passed isn't supported by Unity.

Cannot set VR devices because the platform passed isn't supported by Unity.

Cannot set VR devices because the platform passed isn't supported by Unity.

Cannot set VR devices because the platform passed isn't supported by Unity.

Registering precompiled user dll's ...
Registered in 0.000703 seconds.
Begin MonoManager ReloadAssembly
Native extension for WindowsStandalone target not found
Refreshing native plugins compatible for Editor in 0.19 ms, found 0 plugins.
Preloading 0 native plugins for Editor in 0.00 ms.
Invoked RoslynAnalysisRunner static constructor.
RoslynAnalysisRunner will not be running.
RoslynAnalysisRunner has terminated.
Mono: successfully reloaded assembly
- Completed reload, in  0.643 seconds
Platform modules already initialized, skipping
Refreshing native plugins compatible for Editor in 0.23 ms, found 0 plugins.
Preloading 0 native plugins for Editor in 0.00 ms.
Unloading 1121 Unused Serialized files (Serialized files now loaded: 0)
System memory in use before: 60.8 MB.
System memory in use after: 60.9 MB.

Unloading 4 unused Assets to reduce memory usage. Loaded Objects now: 1625.
Total: 1.364200 ms (FindLiveObjects: 0.119600 ms CreateObjectMapping: 0.021700 ms MarkObjects: 1.202000 ms  DeleteObjects: 0.019000 ms)

========================================================================
Received Import Request.
  Time since last request: 542.268226 seconds.
  path: Assets/Prefabs/LaserBeamer.prefab
  artifactKey: Guid(c51804966ab0f8544b70b0e9dcae1623) Importer(815301076,1909f56bfc062723c751e8b465ee728b)
Start importing Assets/Prefabs/LaserBeamer.prefab using Guid(c51804966ab0f8544b70b0e9dcae1623) Importer(815301076,1909f56bfc062723c751e8b465ee728b)  -> (artifact id: '30c52b1483386944941f4dd880a94f0d') in 0.073645 seconds
  Import took 0.082149 seconds .

========================================================================
Received Prepare
Cannot set VR devices because the platform passed isn't supported by Unity.

Cannot set VR devices because the platform passed isn't supported by Unity.

Cannot set VR devices because the platform passed isn't supported by Unity.

Cannot set VR devices because the platform passed isn't supported by Unity.

Cannot set VR devices because the platform passed isn't supported by Unity.

Cannot set VR devices because the platform passed isn't supported by Unity.

Cannot set VR devices because the platform passed isn't supported by Unity.

Cannot set VR devices because the platform passed isn't supported by Unity.

Cannot set VR devices because the platform passed isn't supported by Unity.

Cannot set VR devices because the platform passed isn't supported by Unity.

Cannot set VR devices because the platform passed isn't supported by Unity.

Registering precompiled user dll's ...
Registered in 0.000528 seconds.
Begin MonoManager ReloadAssembly
Native extension for WindowsStandalone target not found
Refreshing native plugins compatible for Editor in 0.20 ms, found 0 plugins.
Preloading 0 native plugins for Editor in 0.00 ms.
Invoked RoslynAnalysisRunner static constructor.
RoslynAnalysisRunner will not be running.
RoslynAnalysisRunner has terminated.
Mono: successfully reloaded assembly
- Completed reload, in  0.651 seconds
Platform modules already initialized, skipping
Refreshing native plugins compatible for Editor in 0.24 ms, found 0 plugins.
Preloading 0 native plugins for Editor in 0.00 ms.
Unloading 1121 Unused Serialized files (Serialized files now loaded: 0)
System memory in use before: 60.8 MB.
System memory in use after: 60.9 MB.

Unloading 4 unused Assets to reduce memory usage. Loaded Objects now: 1628.
Total: 1.229400 ms (FindLiveObjects: 0.108100 ms CreateObjectMapping: 0.021100 ms MarkObjects: 1.084000 ms  DeleteObjects: 0.015000 ms)

========================================================================
Received Prepare
Cannot set VR devices because the platform passed isn't supported by Unity.

Cannot set VR devices because the platform passed isn't supported by Unity.

Cannot set VR devices because the platform passed isn't supported by Unity.

Cannot set VR devices because the platform passed isn't supported by Unity.

Cannot set VR devices because the platform passed isn't supported by Unity.

Cannot set VR devices because the platform passed isn't supported by Unity.

Cannot set VR devices because the platform passed isn't supported by Unity.

Cannot set VR devices because the platform passed isn't supported by Unity.

Cannot set VR devices because the platform passed isn't supported by Unity.

Cannot set VR devices because the platform passed isn't supported by Unity.

Cannot set VR devices because the platform passed isn't supported by Unity.

Registering precompiled user dll's ...
Registered in 0.000528 seconds.
Begin MonoManager ReloadAssembly
Native extension for WindowsStandalone target not found
Refreshing native plugins compatible for Editor in 0.20 ms, found 0 plugins.
Preloading 0 native plugins for Editor in 0.00 ms.
Invoked RoslynAnalysisRunner static constructor.
RoslynAnalysisRunner will not be running.
RoslynAnalysisRunner has terminated.
Mono: successfully reloaded assembly
- Completed reload, in  0.633 seconds
Platform modules already initialized, skipping
Refreshing native plugins compatible for Editor in 0.27 ms, found 0 plugins.
Preloading 0 native plugins for Editor in 0.00 ms.
Unloading 1121 Unused Serialized files (Serialized files now loaded: 0)
System memory in use before: 60.8 MB.
System memory in use after: 60.9 MB.

Unloading 4 unused Assets to reduce memory usage. Loaded Objects now: 1630.
Total: 1.280100 ms (FindLiveObjects: 0.141000 ms CreateObjectMapping: 0.023800 ms MarkObjects: 1.100500 ms  DeleteObjects: 0.013500 ms)

========================================================================
Received Import Request.
  Time since last request: 635.173508 seconds.
  path: Assets/MainScene/LightingData.asset
  artifactKey: Guid(1c2983d79c6883e4f9f6bcd196289c05) Importer(815301076,1909f56bfc062723c751e8b465ee728b)
Start importing Assets/MainScene/LightingData.asset using Guid(1c2983d79c6883e4f9f6bcd196289c05) Importer(815301076,1909f56bfc062723c751e8b465ee728b) Lighting data asset ‘LightingData’ is incompatible with the current Unity version. Please use Generate Lighting to rebuild the lighting data.  Realtime Global Illumination cannot be used until the lighting data is rebuilt.

 -> (artifact id: '79c8717a4087ead65c7c1f24f9473344') in 0.015225 seconds
  Import took 0.017168 seconds .

========================================================================
Received Import Request.
  Time since last request: 0.000285 seconds.
  path: Assets/MainScene/ReflectionProbe-0.exr
  artifactKey: Guid(a5c30a8c28667324eae7b46e246ceda2) Importer(815301076,1909f56bfc062723c751e8b465ee728b)
Start importing Assets/MainScene/ReflectionProbe-0.exr using Guid(a5c30a8c28667324eae7b46e246ceda2) Importer(815301076,1909f56bfc062723c751e8b465ee728b)  -> (artifact id: '5098e5cf1a59e124d8f1b925f39b0b2f') in 0.086392 seconds
  Import took 0.089831 seconds .

========================================================================
Received Prepare
Cannot set VR devices because the platform passed isn't supported by Unity.

Cannot set VR devices because the platform passed isn't supported by Unity.

Cannot set VR devices because the platform passed isn't supported by Unity.

Cannot set VR devices because the platform passed isn't supported by Unity.

Cannot set VR devices because the platform passed isn't supported by Unity.

Cannot set VR devices because the platform passed isn't supported by Unity.

Cannot set VR devices because the platform passed isn't supported by Unity.

Cannot set VR devices because the platform passed isn't supported by Unity.

Cannot set VR devices because the platform passed isn't supported by Unity.

Cannot set VR devices because the platform passed isn't supported by Unity.

Cannot set VR devices because the platform passed isn't supported by Unity.

Registering precompiled user dll's ...
Registered in 0.000531 seconds.
Begin MonoManager ReloadAssembly
Native extension for WindowsStandalone target not found
Refreshing native plugins compatible for Editor in 0.21 ms, found 0 plugins.
Preloading 0 native plugins for Editor in 0.00 ms.
Invoked RoslynAnalysisRunner static constructor.
RoslynAnalysisRunner will not be running.
RoslynAnalysisRunner has terminated.
Mono: successfully reloaded assembly
- Completed reload, in  0.653 seconds
Platform modules already initialized, skipping
Refreshing native plugins compatible for Editor in 0.26 ms, found 0 plugins.
Preloading 0 native plugins for Editor in 0.00 ms.
Unloading 1121 Unused Serialized files (Serialized files now loaded: 0)
System memory in use before: 60.9 MB.
System memory in use after: 61.0 MB.

Unloading 4 unused Assets to reduce memory usage. Loaded Objects now: 1635.
Total: 1.259500 ms (FindLiveObjects: 0.112400 ms CreateObjectMapping: 0.021900 ms MarkObjects: 1.109600 ms  DeleteObjects: 0.014100 ms)

AssetImportWorkerClient::OnTransportError - code=2 error=End of file
